Classic Timing Analyzer report for lab7
Thu Nov 26 10:58:50 2015
Quartus II Version 7.1 Build 156 04/30/2007 SJ Full Version


---------------------
; Table of Contents ;
---------------------
  1. Legal Notice
  2. Timing Analyzer Summary
  3. Timing Analyzer Settings
  4. Clock Settings Summary
  5. Clock Setup: 'clk'
  6. tsu
  7. tco
  8. th
  9. Timing Analyzer Messages



----------------
; Legal Notice ;
----------------
Copyright (C) 1991-2007 Altera Corporation
Your use of Altera Corporation's design tools, logic functions 
and other software and tools, and its AMPP partner logic 
functions, and any output files from any of the foregoing 
(including device programming or simulation files), and any 
associated documentation or information are expressly subject 
to the terms and conditions of the Altera Program License 
Subscription Agreement, Altera MegaCore Function License 
Agreement, or other applicable license agreement, including, 
without limitation, that your use is for the sole purpose of 
programming logic devices manufactured by Altera and sold by 
Altera or its authorized distributors.  Please refer to the 
applicable agreement for further details.



+------------------------------------------------------------------------------------------------------------------------------------------------------------------------------------------+
; Timing Analyzer Summary                                                                                                                                                                  ;
+------------------------------+-------+---------------+----------------------------------+--------------------------+------------------------------+------------+----------+--------------+
; Type                         ; Slack ; Required Time ; Actual Time                      ; From                     ; To                           ; From Clock ; To Clock ; Failed Paths ;
+------------------------------+-------+---------------+----------------------------------+--------------------------+------------------------------+------------+----------+--------------+
; Worst-case tsu               ; N/A   ; None          ; 4.412 ns                         ; sensor1                  ; FSM:SM|current_state.DISPLAY ; --         ; clk      ; 0            ;
; Worst-case tco               ; N/A   ; None          ; 10.624 ns                        ; counter:Counter|count[7] ; led                          ; clk        ; --       ; 0            ;
; Worst-case th                ; N/A   ; None          ; -3.805 ns                        ; sensor2                  ; FSM:SM|current_state.IDLE    ; --         ; clk      ; 0            ;
; Clock Setup: 'clk'           ; N/A   ; None          ; 228.68 MHz ( period = 4.373 ns ) ; counter:Counter|count[0] ; counter:Counter|count[31]    ; clk        ; clk      ; 0            ;
; Total number of failed paths ;       ;               ;                                  ;                          ;                              ;            ;          ; 0            ;
+------------------------------+-------+---------------+----------------------------------+--------------------------+------------------------------+------------+----------+--------------+


+------------------------------------------------------------------------------------------------------+
; Timing Analyzer Settings                                                                             ;
+-------------------------------------------------------+--------------------+------+----+-------------+
; Option                                                ; Setting            ; From ; To ; Entity Name ;
+-------------------------------------------------------+--------------------+------+----+-------------+
; Device Name                                           ; EP2C20F484C7       ;      ;    ;             ;
; Timing Models                                         ; Final              ;      ;    ;             ;
; Default hold multicycle                               ; Same as Multicycle ;      ;    ;             ;
; Cut paths between unrelated clock domains             ; On                 ;      ;    ;             ;
; Cut off read during write signal paths                ; On                 ;      ;    ;             ;
; Cut off feedback from I/O pins                        ; On                 ;      ;    ;             ;
; Report Combined Fast/Slow Timing                      ; Off                ;      ;    ;             ;
; Ignore Clock Settings                                 ; Off                ;      ;    ;             ;
; Analyze latches as synchronous elements               ; On                 ;      ;    ;             ;
; Enable Recovery/Removal analysis                      ; Off                ;      ;    ;             ;
; Enable Clock Latency                                  ; Off                ;      ;    ;             ;
; Number of source nodes to report per destination node ; 10                 ;      ;    ;             ;
; Number of destination nodes to report                 ; 10                 ;      ;    ;             ;
; Number of paths to report                             ; 200                ;      ;    ;             ;
; Report Minimum Timing Checks                          ; Off                ;      ;    ;             ;
; Use Fast Timing Models                                ; Off                ;      ;    ;             ;
; Report IO Paths Separately                            ; Off                ;      ;    ;             ;
+-------------------------------------------------------+--------------------+------+----+-------------+


+------------------------------------------------------------------------------------------------------------------------------------------------------------------------------------+
; Clock Settings Summary                                                                                                                                                             ;
+-----------------+--------------------+----------+------------------+---------------+--------------+----------+-----------------------+---------------------+--------+--------------+
; Clock Node Name ; Clock Setting Name ; Type     ; Fmax Requirement ; Early Latency ; Late Latency ; Based on ; Multiply Base Fmax by ; Divide Base Fmax by ; Offset ; Phase offset ;
+-----------------+--------------------+----------+------------------+---------------+--------------+----------+-----------------------+---------------------+--------+--------------+
; clk             ;                    ; User Pin ; None             ; 0.000 ns      ; 0.000 ns     ; --       ; N/A                   ; N/A                 ; N/A    ;              ;
+-----------------+--------------------+----------+------------------+---------------+--------------+----------+-----------------------+---------------------+--------+--------------+


+-------------------------------------------------------------------------------------------------------------------------------------------------------------------------------------------------------------------------------------------------------------------+
; Clock Setup: 'clk'                                                                                                                                                                                                                                                ;
+-----------------------------------------+-----------------------------------------------------+---------------------------+---------------------------+------------+----------+-----------------------------+---------------------------+-------------------------+
; Slack                                   ; Actual fmax (period)                                ; From                      ; To                        ; From Clock ; To Clock ; Required Setup Relationship ; Required Longest P2P Time ; Actual Longest P2P Time ;
+-----------------------------------------+-----------------------------------------------------+---------------------------+---------------------------+------------+----------+-----------------------------+---------------------------+-------------------------+
; N/A                                     ; 228.68 MHz ( period = 4.373 ns )                    ; counter:Counter|count[0]  ; counter:Counter|count[31] ; clk        ; clk      ; None                        ; None                      ; 4.078 ns                ;
; N/A                                     ; 232.56 MHz ( period = 4.300 ns )                    ; counter:Counter|count[1]  ; counter:Counter|count[31] ; clk        ; clk      ; None                        ; None                      ; 4.005 ns                ;
; N/A                                     ; 232.94 MHz ( period = 4.293 ns )                    ; counter:Counter|count[0]  ; counter:Counter|count[30] ; clk        ; clk      ; None                        ; None                      ; 3.998 ns                ;
; N/A                                     ; 236.91 MHz ( period = 4.221 ns )                    ; counter:Counter|count[2]  ; counter:Counter|count[31] ; clk        ; clk      ; None                        ; None                      ; 3.926 ns                ;
; N/A                                     ; 236.97 MHz ( period = 4.220 ns )                    ; counter:Counter|count[1]  ; counter:Counter|count[30] ; clk        ; clk      ; None                        ; None                      ; 3.925 ns                ;
; N/A                                     ; 237.36 MHz ( period = 4.213 ns )                    ; counter:Counter|count[0]  ; counter:Counter|count[29] ; clk        ; clk      ; None                        ; None                      ; 3.918 ns                ;
; N/A                                     ; 239.12 MHz ( period = 4.182 ns )                    ; counter:Counter|count[3]  ; counter:Counter|count[31] ; clk        ; clk      ; None                        ; None                      ; 3.887 ns                ;
; N/A                                     ; 241.49 MHz ( period = 4.141 ns )                    ; counter:Counter|count[2]  ; counter:Counter|count[30] ; clk        ; clk      ; None                        ; None                      ; 3.846 ns                ;
; N/A                                     ; 241.55 MHz ( period = 4.140 ns )                    ; counter:Counter|count[1]  ; counter:Counter|count[29] ; clk        ; clk      ; None                        ; None                      ; 3.845 ns                ;
; N/A                                     ; 241.95 MHz ( period = 4.133 ns )                    ; counter:Counter|count[0]  ; counter:Counter|count[28] ; clk        ; clk      ; None                        ; None                      ; 3.838 ns                ;
; N/A                                     ; 243.78 MHz ( period = 4.102 ns )                    ; counter:Counter|count[3]  ; counter:Counter|count[30] ; clk        ; clk      ; None                        ; None                      ; 3.807 ns                ;
; N/A                                     ; 246.18 MHz ( period = 4.062 ns )                    ; counter:Counter|count[4]  ; counter:Counter|count[31] ; clk        ; clk      ; None                        ; None                      ; 3.767 ns                ;
; N/A                                     ; 246.24 MHz ( period = 4.061 ns )                    ; counter:Counter|count[2]  ; counter:Counter|count[29] ; clk        ; clk      ; None                        ; None                      ; 3.766 ns                ;
; N/A                                     ; 246.31 MHz ( period = 4.060 ns )                    ; counter:Counter|count[1]  ; counter:Counter|count[28] ; clk        ; clk      ; None                        ; None                      ; 3.765 ns                ;
; N/A                                     ; 246.73 MHz ( period = 4.053 ns )                    ; counter:Counter|count[0]  ; counter:Counter|count[27] ; clk        ; clk      ; None                        ; None                      ; 3.758 ns                ;
; N/A                                     ; 248.63 MHz ( period = 4.022 ns )                    ; counter:Counter|count[3]  ; counter:Counter|count[29] ; clk        ; clk      ; None                        ; None                      ; 3.727 ns                ;
; N/A                                     ; 248.63 MHz ( period = 4.022 ns )                    ; counter:Counter|count[5]  ; counter:Counter|count[31] ; clk        ; clk      ; None                        ; None                      ; 3.727 ns                ;
; N/A                                     ; 251.13 MHz ( period = 3.982 ns )                    ; counter:Counter|count[4]  ; counter:Counter|count[30] ; clk        ; clk      ; None                        ; None                      ; 3.687 ns                ;
; N/A                                     ; 251.19 MHz ( period = 3.981 ns )                    ; counter:Counter|count[2]  ; counter:Counter|count[28] ; clk        ; clk      ; None                        ; None                      ; 3.686 ns                ;
; N/A                                     ; 251.26 MHz ( period = 3.980 ns )                    ; counter:Counter|count[1]  ; counter:Counter|count[27] ; clk        ; clk      ; None                        ; None                      ; 3.685 ns                ;
; N/A                                     ; 251.70 MHz ( period = 3.973 ns )                    ; counter:Counter|count[0]  ; counter:Counter|count[26] ; clk        ; clk      ; None                        ; None                      ; 3.678 ns                ;
; N/A                                     ; 253.68 MHz ( period = 3.942 ns )                    ; counter:Counter|count[3]  ; counter:Counter|count[28] ; clk        ; clk      ; None                        ; None                      ; 3.647 ns                ;
; N/A                                     ; 253.68 MHz ( period = 3.942 ns )                    ; counter:Counter|count[5]  ; counter:Counter|count[30] ; clk        ; clk      ; None                        ; None                      ; 3.647 ns                ;
; N/A                                     ; 253.68 MHz ( period = 3.942 ns )                    ; counter:Counter|count[6]  ; counter:Counter|count[31] ; clk        ; clk      ; None                        ; None                      ; 3.647 ns                ;
; N/A                                     ; 256.28 MHz ( period = 3.902 ns )                    ; counter:Counter|count[4]  ; counter:Counter|count[29] ; clk        ; clk      ; None                        ; None                      ; 3.607 ns                ;
; N/A                                     ; 256.34 MHz ( period = 3.901 ns )                    ; counter:Counter|count[2]  ; counter:Counter|count[27] ; clk        ; clk      ; None                        ; None                      ; 3.606 ns                ;
; N/A                                     ; 256.41 MHz ( period = 3.900 ns )                    ; counter:Counter|count[1]  ; counter:Counter|count[26] ; clk        ; clk      ; None                        ; None                      ; 3.605 ns                ;
; N/A                                     ; 256.87 MHz ( period = 3.893 ns )                    ; counter:Counter|count[0]  ; counter:Counter|count[25] ; clk        ; clk      ; None                        ; None                      ; 3.598 ns                ;
; N/A                                     ; 258.93 MHz ( period = 3.862 ns )                    ; counter:Counter|count[3]  ; counter:Counter|count[27] ; clk        ; clk      ; None                        ; None                      ; 3.567 ns                ;
; N/A                                     ; 258.93 MHz ( period = 3.862 ns )                    ; counter:Counter|count[5]  ; counter:Counter|count[29] ; clk        ; clk      ; None                        ; None                      ; 3.567 ns                ;
; N/A                                     ; 258.93 MHz ( period = 3.862 ns )                    ; counter:Counter|count[6]  ; counter:Counter|count[30] ; clk        ; clk      ; None                        ; None                      ; 3.567 ns                ;
; N/A                                     ; 261.16 MHz ( period = 3.829 ns )                    ; counter:Counter|count[7]  ; counter:Counter|count[31] ; clk        ; clk      ; None                        ; None                      ; 3.534 ns                ;
; N/A                                     ; 261.64 MHz ( period = 3.822 ns )                    ; counter:Counter|count[4]  ; counter:Counter|count[28] ; clk        ; clk      ; None                        ; None                      ; 3.527 ns                ;
; N/A                                     ; 261.71 MHz ( period = 3.821 ns )                    ; counter:Counter|count[2]  ; counter:Counter|count[26] ; clk        ; clk      ; None                        ; None                      ; 3.526 ns                ;
; N/A                                     ; 261.78 MHz ( period = 3.820 ns )                    ; counter:Counter|count[1]  ; counter:Counter|count[25] ; clk        ; clk      ; None                        ; None                      ; 3.525 ns                ;
; N/A                                     ; 262.26 MHz ( period = 3.813 ns )                    ; counter:Counter|count[0]  ; counter:Counter|count[24] ; clk        ; clk      ; None                        ; None                      ; 3.518 ns                ;
; N/A                                     ; 264.41 MHz ( period = 3.782 ns )                    ; counter:Counter|count[3]  ; counter:Counter|count[26] ; clk        ; clk      ; None                        ; None                      ; 3.487 ns                ;
; N/A                                     ; 264.41 MHz ( period = 3.782 ns )                    ; counter:Counter|count[5]  ; counter:Counter|count[28] ; clk        ; clk      ; None                        ; None                      ; 3.487 ns                ;
; N/A                                     ; 264.41 MHz ( period = 3.782 ns )                    ; counter:Counter|count[6]  ; counter:Counter|count[29] ; clk        ; clk      ; None                        ; None                      ; 3.487 ns                ;
; N/A                                     ; 266.74 MHz ( period = 3.749 ns )                    ; counter:Counter|count[7]  ; counter:Counter|count[30] ; clk        ; clk      ; None                        ; None                      ; 3.454 ns                ;
; N/A                                     ; 267.24 MHz ( period = 3.742 ns )                    ; counter:Counter|count[4]  ; counter:Counter|count[27] ; clk        ; clk      ; None                        ; None                      ; 3.447 ns                ;
; N/A                                     ; 267.31 MHz ( period = 3.741 ns )                    ; counter:Counter|count[2]  ; counter:Counter|count[25] ; clk        ; clk      ; None                        ; None                      ; 3.446 ns                ;
; N/A                                     ; 267.38 MHz ( period = 3.740 ns )                    ; counter:Counter|count[1]  ; counter:Counter|count[24] ; clk        ; clk      ; None                        ; None                      ; 3.445 ns                ;
; N/A                                     ; 270.12 MHz ( period = 3.702 ns )                    ; counter:Counter|count[3]  ; counter:Counter|count[25] ; clk        ; clk      ; None                        ; None                      ; 3.407 ns                ;
; N/A                                     ; 270.12 MHz ( period = 3.702 ns )                    ; counter:Counter|count[5]  ; counter:Counter|count[27] ; clk        ; clk      ; None                        ; None                      ; 3.407 ns                ;
; N/A                                     ; 270.12 MHz ( period = 3.702 ns )                    ; counter:Counter|count[6]  ; counter:Counter|count[28] ; clk        ; clk      ; None                        ; None                      ; 3.407 ns                ;
; N/A                                     ; 271.22 MHz ( period = 3.687 ns )                    ; counter:Counter|count[8]  ; counter:Counter|count[31] ; clk        ; clk      ; None                        ; None                      ; 3.392 ns                ;
; N/A                                     ; 272.55 MHz ( period = 3.669 ns )                    ; counter:Counter|count[7]  ; counter:Counter|count[29] ; clk        ; clk      ; None                        ; None                      ; 3.374 ns                ;
; N/A                                     ; 273.07 MHz ( period = 3.662 ns )                    ; counter:Counter|count[4]  ; counter:Counter|count[26] ; clk        ; clk      ; None                        ; None                      ; 3.367 ns                ;
; N/A                                     ; 273.15 MHz ( period = 3.661 ns )                    ; counter:Counter|count[2]  ; counter:Counter|count[24] ; clk        ; clk      ; None                        ; None                      ; 3.366 ns                ;
; N/A                                     ; 274.80 MHz ( period = 3.639 ns )                    ; counter:Counter|count[0]  ; counter:Counter|count[23] ; clk        ; clk      ; None                        ; None                      ; 3.344 ns                ;
; N/A                                     ; 276.09 MHz ( period = 3.622 ns )                    ; counter:Counter|count[3]  ; counter:Counter|count[24] ; clk        ; clk      ; None                        ; None                      ; 3.327 ns                ;
; N/A                                     ; 276.09 MHz ( period = 3.622 ns )                    ; counter:Counter|count[5]  ; counter:Counter|count[26] ; clk        ; clk      ; None                        ; None                      ; 3.327 ns                ;
; N/A                                     ; 276.09 MHz ( period = 3.622 ns )                    ; counter:Counter|count[6]  ; counter:Counter|count[27] ; clk        ; clk      ; None                        ; None                      ; 3.327 ns                ;
; N/A                                     ; 277.24 MHz ( period = 3.607 ns )                    ; counter:Counter|count[8]  ; counter:Counter|count[30] ; clk        ; clk      ; None                        ; None                      ; 3.312 ns                ;
; N/A                                     ; 278.63 MHz ( period = 3.589 ns )                    ; counter:Counter|count[7]  ; counter:Counter|count[28] ; clk        ; clk      ; None                        ; None                      ; 3.294 ns                ;
; N/A                                     ; 279.17 MHz ( period = 3.582 ns )                    ; counter:Counter|count[4]  ; counter:Counter|count[25] ; clk        ; clk      ; None                        ; None                      ; 3.287 ns                ;
; N/A                                     ; 280.35 MHz ( period = 3.567 ns )                    ; counter:Counter|count[9]  ; counter:Counter|count[31] ; clk        ; clk      ; None                        ; None                      ; 3.272 ns                ;
; N/A                                     ; 280.43 MHz ( period = 3.566 ns )                    ; counter:Counter|count[1]  ; counter:Counter|count[23] ; clk        ; clk      ; None                        ; None                      ; 3.271 ns                ;
; N/A                                     ; 280.98 MHz ( period = 3.559 ns )                    ; counter:Counter|count[0]  ; counter:Counter|count[22] ; clk        ; clk      ; None                        ; None                      ; 3.264 ns                ;
; N/A                                     ; 282.33 MHz ( period = 3.542 ns )                    ; counter:Counter|count[5]  ; counter:Counter|count[25] ; clk        ; clk      ; None                        ; None                      ; 3.247 ns                ;
; N/A                                     ; 282.33 MHz ( period = 3.542 ns )                    ; counter:Counter|count[6]  ; counter:Counter|count[26] ; clk        ; clk      ; None                        ; None                      ; 3.247 ns                ;
; N/A                                     ; 283.45 MHz ( period = 3.528 ns )                    ; counter:Counter|count[10] ; counter:Counter|count[31] ; clk        ; clk      ; None                        ; None                      ; 3.233 ns                ;
; N/A                                     ; 283.53 MHz ( period = 3.527 ns )                    ; counter:Counter|count[8]  ; counter:Counter|count[29] ; clk        ; clk      ; None                        ; None                      ; 3.232 ns                ;
; N/A                                     ; 284.98 MHz ( period = 3.509 ns )                    ; counter:Counter|count[7]  ; counter:Counter|count[27] ; clk        ; clk      ; None                        ; None                      ; 3.214 ns                ;
; N/A                                     ; 285.55 MHz ( period = 3.502 ns )                    ; counter:Counter|count[4]  ; counter:Counter|count[24] ; clk        ; clk      ; None                        ; None                      ; 3.207 ns                ;
; N/A                                     ; 286.78 MHz ( period = 3.487 ns )                    ; counter:Counter|count[2]  ; counter:Counter|count[23] ; clk        ; clk      ; None                        ; None                      ; 3.192 ns                ;
; N/A                                     ; 286.78 MHz ( period = 3.487 ns )                    ; counter:Counter|count[9]  ; counter:Counter|count[30] ; clk        ; clk      ; None                        ; None                      ; 3.192 ns                ;
; N/A                                     ; 286.86 MHz ( period = 3.486 ns )                    ; counter:Counter|count[1]  ; counter:Counter|count[22] ; clk        ; clk      ; None                        ; None                      ; 3.191 ns                ;
; N/A                                     ; 287.44 MHz ( period = 3.479 ns )                    ; counter:Counter|count[0]  ; counter:Counter|count[21] ; clk        ; clk      ; None                        ; None                      ; 3.184 ns                ;
; N/A                                     ; 288.85 MHz ( period = 3.462 ns )                    ; counter:Counter|count[5]  ; counter:Counter|count[24] ; clk        ; clk      ; None                        ; None                      ; 3.167 ns                ;
; N/A                                     ; 288.85 MHz ( period = 3.462 ns )                    ; counter:Counter|count[6]  ; counter:Counter|count[25] ; clk        ; clk      ; None                        ; None                      ; 3.167 ns                ;
; N/A                                     ; 290.02 MHz ( period = 3.448 ns )                    ; counter:Counter|count[3]  ; counter:Counter|count[23] ; clk        ; clk      ; None                        ; None                      ; 3.153 ns                ;
; N/A                                     ; 290.02 MHz ( period = 3.448 ns )                    ; counter:Counter|count[10] ; counter:Counter|count[30] ; clk        ; clk      ; None                        ; None                      ; 3.153 ns                ;
; N/A                                     ; 290.11 MHz ( period = 3.447 ns )                    ; counter:Counter|count[8]  ; counter:Counter|count[28] ; clk        ; clk      ; None                        ; None                      ; 3.152 ns                ;
; N/A                                     ; 291.63 MHz ( period = 3.429 ns )                    ; counter:Counter|count[7]  ; counter:Counter|count[26] ; clk        ; clk      ; None                        ; None                      ; 3.134 ns                ;
; N/A                                     ; 293.43 MHz ( period = 3.408 ns )                    ; counter:Counter|count[11] ; counter:Counter|count[31] ; clk        ; clk      ; None                        ; None                      ; 3.113 ns                ;
; N/A                                     ; 293.51 MHz ( period = 3.407 ns )                    ; counter:Counter|count[2]  ; counter:Counter|count[22] ; clk        ; clk      ; None                        ; None                      ; 3.112 ns                ;
; N/A                                     ; 293.51 MHz ( period = 3.407 ns )                    ; counter:Counter|count[9]  ; counter:Counter|count[29] ; clk        ; clk      ; None                        ; None                      ; 3.112 ns                ;
; N/A                                     ; 293.60 MHz ( period = 3.406 ns )                    ; counter:Counter|count[1]  ; counter:Counter|count[21] ; clk        ; clk      ; None                        ; None                      ; 3.111 ns                ;
; N/A                                     ; 294.20 MHz ( period = 3.399 ns )                    ; counter:Counter|count[0]  ; counter:Counter|count[20] ; clk        ; clk      ; None                        ; None                      ; 3.104 ns                ;
; N/A                                     ; 295.68 MHz ( period = 3.382 ns )                    ; counter:Counter|count[6]  ; counter:Counter|count[24] ; clk        ; clk      ; None                        ; None                      ; 3.087 ns                ;
; N/A                                     ; 296.91 MHz ( period = 3.368 ns )                    ; counter:Counter|count[3]  ; counter:Counter|count[22] ; clk        ; clk      ; None                        ; None                      ; 3.073 ns                ;
; N/A                                     ; 296.91 MHz ( period = 3.368 ns )                    ; counter:Counter|count[10] ; counter:Counter|count[29] ; clk        ; clk      ; None                        ; None                      ; 3.073 ns                ;
; N/A                                     ; 296.91 MHz ( period = 3.368 ns )                    ; counter:Counter|count[12] ; counter:Counter|count[31] ; clk        ; clk      ; None                        ; None                      ; 3.073 ns                ;
; N/A                                     ; 297.00 MHz ( period = 3.367 ns )                    ; counter:Counter|count[8]  ; counter:Counter|count[27] ; clk        ; clk      ; None                        ; None                      ; 3.072 ns                ;
; N/A                                     ; 298.60 MHz ( period = 3.349 ns )                    ; counter:Counter|count[7]  ; counter:Counter|count[25] ; clk        ; clk      ; None                        ; None                      ; 3.054 ns                ;
; N/A                                     ; 300.48 MHz ( period = 3.328 ns )                    ; counter:Counter|count[4]  ; counter:Counter|count[23] ; clk        ; clk      ; None                        ; None                      ; 3.033 ns                ;
; N/A                                     ; 300.48 MHz ( period = 3.328 ns )                    ; counter:Counter|count[11] ; counter:Counter|count[30] ; clk        ; clk      ; None                        ; None                      ; 3.033 ns                ;
; N/A                                     ; 300.57 MHz ( period = 3.327 ns )                    ; counter:Counter|count[2]  ; counter:Counter|count[21] ; clk        ; clk      ; None                        ; None                      ; 3.032 ns                ;
; N/A                                     ; 300.57 MHz ( period = 3.327 ns )                    ; counter:Counter|count[9]  ; counter:Counter|count[28] ; clk        ; clk      ; None                        ; None                      ; 3.032 ns                ;
; N/A                                     ; 300.66 MHz ( period = 3.326 ns )                    ; counter:Counter|count[1]  ; counter:Counter|count[20] ; clk        ; clk      ; None                        ; None                      ; 3.031 ns                ;
; N/A                                     ; 301.30 MHz ( period = 3.319 ns )                    ; counter:Counter|count[0]  ; counter:Counter|count[19] ; clk        ; clk      ; None                        ; None                      ; 3.024 ns                ;
; N/A                                     ; 304.14 MHz ( period = 3.288 ns )                    ; counter:Counter|count[3]  ; counter:Counter|count[21] ; clk        ; clk      ; None                        ; None                      ; 2.993 ns                ;
; N/A                                     ; 304.14 MHz ( period = 3.288 ns )                    ; counter:Counter|count[5]  ; counter:Counter|count[23] ; clk        ; clk      ; None                        ; None                      ; 2.993 ns                ;
; N/A                                     ; 304.14 MHz ( period = 3.288 ns )                    ; counter:Counter|count[10] ; counter:Counter|count[28] ; clk        ; clk      ; None                        ; None                      ; 2.993 ns                ;
; N/A                                     ; 304.14 MHz ( period = 3.288 ns )                    ; counter:Counter|count[12] ; counter:Counter|count[30] ; clk        ; clk      ; None                        ; None                      ; 2.993 ns                ;
; N/A                                     ; 304.23 MHz ( period = 3.287 ns )                    ; counter:Counter|count[8]  ; counter:Counter|count[26] ; clk        ; clk      ; None                        ; None                      ; 2.992 ns                ;
; N/A                                     ; 305.90 MHz ( period = 3.269 ns )                    ; counter:Counter|count[7]  ; counter:Counter|count[24] ; clk        ; clk      ; None                        ; None                      ; 2.974 ns                ;
; N/A                                     ; 307.88 MHz ( period = 3.248 ns )                    ; counter:Counter|count[4]  ; counter:Counter|count[22] ; clk        ; clk      ; None                        ; None                      ; 2.953 ns                ;
; N/A                                     ; 307.88 MHz ( period = 3.248 ns )                    ; counter:Counter|count[11] ; counter:Counter|count[29] ; clk        ; clk      ; None                        ; None                      ; 2.953 ns                ;
; N/A                                     ; 307.88 MHz ( period = 3.248 ns )                    ; counter:Counter|count[13] ; counter:Counter|count[31] ; clk        ; clk      ; None                        ; None                      ; 2.953 ns                ;
; N/A                                     ; 307.98 MHz ( period = 3.247 ns )                    ; counter:Counter|count[2]  ; counter:Counter|count[20] ; clk        ; clk      ; None                        ; None                      ; 2.952 ns                ;
; N/A                                     ; 307.98 MHz ( period = 3.247 ns )                    ; counter:Counter|count[9]  ; counter:Counter|count[27] ; clk        ; clk      ; None                        ; None                      ; 2.952 ns                ;
; N/A                                     ; 308.07 MHz ( period = 3.246 ns )                    ; counter:Counter|count[1]  ; counter:Counter|count[19] ; clk        ; clk      ; None                        ; None                      ; 2.951 ns                ;
; N/A                                     ; 308.74 MHz ( period = 3.239 ns )                    ; counter:Counter|count[0]  ; counter:Counter|count[18] ; clk        ; clk      ; None                        ; None                      ; 2.944 ns                ;
; N/A                                     ; 311.72 MHz ( period = 3.208 ns )                    ; counter:Counter|count[3]  ; counter:Counter|count[20] ; clk        ; clk      ; None                        ; None                      ; 2.913 ns                ;
; N/A                                     ; 311.72 MHz ( period = 3.208 ns )                    ; counter:Counter|count[6]  ; counter:Counter|count[23] ; clk        ; clk      ; None                        ; None                      ; 2.913 ns                ;
; N/A                                     ; 311.72 MHz ( period = 3.208 ns )                    ; counter:Counter|count[5]  ; counter:Counter|count[22] ; clk        ; clk      ; None                        ; None                      ; 2.913 ns                ;
; N/A                                     ; 311.72 MHz ( period = 3.208 ns )                    ; counter:Counter|count[10] ; counter:Counter|count[27] ; clk        ; clk      ; None                        ; None                      ; 2.913 ns                ;
; N/A                                     ; 311.72 MHz ( period = 3.208 ns )                    ; counter:Counter|count[12] ; counter:Counter|count[29] ; clk        ; clk      ; None                        ; None                      ; 2.913 ns                ;
; N/A                                     ; 311.82 MHz ( period = 3.207 ns )                    ; counter:Counter|count[8]  ; counter:Counter|count[25] ; clk        ; clk      ; None                        ; None                      ; 2.912 ns                ;
; N/A                                     ; 315.66 MHz ( period = 3.168 ns )                    ; counter:Counter|count[4]  ; counter:Counter|count[21] ; clk        ; clk      ; None                        ; None                      ; 2.873 ns                ;
; N/A                                     ; 315.66 MHz ( period = 3.168 ns )                    ; counter:Counter|count[11] ; counter:Counter|count[28] ; clk        ; clk      ; None                        ; None                      ; 2.873 ns                ;
; N/A                                     ; 315.66 MHz ( period = 3.168 ns )                    ; counter:Counter|count[13] ; counter:Counter|count[30] ; clk        ; clk      ; None                        ; None                      ; 2.873 ns                ;
; N/A                                     ; 315.66 MHz ( period = 3.168 ns )                    ; counter:Counter|count[14] ; counter:Counter|count[31] ; clk        ; clk      ; None                        ; None                      ; 2.873 ns                ;
; N/A                                     ; 315.76 MHz ( period = 3.167 ns )                    ; counter:Counter|count[2]  ; counter:Counter|count[19] ; clk        ; clk      ; None                        ; None                      ; 2.872 ns                ;
; N/A                                     ; 315.76 MHz ( period = 3.167 ns )                    ; counter:Counter|count[9]  ; counter:Counter|count[26] ; clk        ; clk      ; None                        ; None                      ; 2.872 ns                ;
; N/A                                     ; 315.86 MHz ( period = 3.166 ns )                    ; counter:Counter|count[1]  ; counter:Counter|count[18] ; clk        ; clk      ; None                        ; None                      ; 2.871 ns                ;
; N/A                                     ; 316.56 MHz ( period = 3.159 ns )                    ; counter:Counter|count[0]  ; counter:Counter|count[17] ; clk        ; clk      ; None                        ; None                      ; 2.864 ns                ;
; N/A                                     ; 319.69 MHz ( period = 3.128 ns )                    ; counter:Counter|count[5]  ; counter:Counter|count[21] ; clk        ; clk      ; None                        ; None                      ; 2.833 ns                ;
; N/A                                     ; 319.69 MHz ( period = 3.128 ns )                    ; counter:Counter|count[3]  ; counter:Counter|count[19] ; clk        ; clk      ; None                        ; None                      ; 2.833 ns                ;
; N/A                                     ; 319.69 MHz ( period = 3.128 ns )                    ; counter:Counter|count[6]  ; counter:Counter|count[22] ; clk        ; clk      ; None                        ; None                      ; 2.833 ns                ;
; N/A                                     ; 319.69 MHz ( period = 3.128 ns )                    ; counter:Counter|count[10] ; counter:Counter|count[26] ; clk        ; clk      ; None                        ; None                      ; 2.833 ns                ;
; N/A                                     ; 319.69 MHz ( period = 3.128 ns )                    ; counter:Counter|count[12] ; counter:Counter|count[28] ; clk        ; clk      ; None                        ; None                      ; 2.833 ns                ;
; N/A                                     ; 319.80 MHz ( period = 3.127 ns )                    ; counter:Counter|count[8]  ; counter:Counter|count[24] ; clk        ; clk      ; None                        ; None                      ; 2.832 ns                ;
; N/A                                     ; 321.85 MHz ( period = 3.107 ns )                    ; counter:Counter|count[15] ; counter:Counter|count[31] ; clk        ; clk      ; None                        ; None                      ; 2.812 ns                ;
; N/A                                     ; 323.10 MHz ( period = 3.095 ns )                    ; counter:Counter|count[7]  ; counter:Counter|count[23] ; clk        ; clk      ; None                        ; None                      ; 2.800 ns                ;
; N/A                                     ; 323.83 MHz ( period = 3.088 ns )                    ; counter:Counter|count[4]  ; counter:Counter|count[20] ; clk        ; clk      ; None                        ; None                      ; 2.793 ns                ;
; N/A                                     ; 323.83 MHz ( period = 3.088 ns )                    ; counter:Counter|count[11] ; counter:Counter|count[27] ; clk        ; clk      ; None                        ; None                      ; 2.793 ns                ;
; N/A                                     ; 323.83 MHz ( period = 3.088 ns )                    ; counter:Counter|count[13] ; counter:Counter|count[29] ; clk        ; clk      ; None                        ; None                      ; 2.793 ns                ;
; N/A                                     ; 323.83 MHz ( period = 3.088 ns )                    ; counter:Counter|count[14] ; counter:Counter|count[30] ; clk        ; clk      ; None                        ; None                      ; 2.793 ns                ;
; N/A                                     ; 323.94 MHz ( period = 3.087 ns )                    ; counter:Counter|count[2]  ; counter:Counter|count[18] ; clk        ; clk      ; None                        ; None                      ; 2.792 ns                ;
; N/A                                     ; 323.94 MHz ( period = 3.087 ns )                    ; counter:Counter|count[9]  ; counter:Counter|count[25] ; clk        ; clk      ; None                        ; None                      ; 2.792 ns                ;
; N/A                                     ; 324.04 MHz ( period = 3.086 ns )                    ; counter:Counter|count[1]  ; counter:Counter|count[17] ; clk        ; clk      ; None                        ; None                      ; 2.791 ns                ;
; N/A                                     ; 324.78 MHz ( period = 3.079 ns )                    ; counter:Counter|count[0]  ; counter:Counter|count[16] ; clk        ; clk      ; None                        ; None                      ; 2.784 ns                ;
; N/A                                     ; 328.08 MHz ( period = 3.048 ns )                    ; counter:Counter|count[6]  ; counter:Counter|count[21] ; clk        ; clk      ; None                        ; None                      ; 2.753 ns                ;
; N/A                                     ; 328.08 MHz ( period = 3.048 ns )                    ; counter:Counter|count[5]  ; counter:Counter|count[20] ; clk        ; clk      ; None                        ; None                      ; 2.753 ns                ;
; N/A                                     ; 328.08 MHz ( period = 3.048 ns )                    ; counter:Counter|count[3]  ; counter:Counter|count[18] ; clk        ; clk      ; None                        ; None                      ; 2.753 ns                ;
; N/A                                     ; 328.08 MHz ( period = 3.048 ns )                    ; counter:Counter|count[10] ; counter:Counter|count[25] ; clk        ; clk      ; None                        ; None                      ; 2.753 ns                ;
; N/A                                     ; 328.08 MHz ( period = 3.048 ns )                    ; counter:Counter|count[12] ; counter:Counter|count[27] ; clk        ; clk      ; None                        ; None                      ; 2.753 ns                ;
; N/A                                     ; 330.36 MHz ( period = 3.027 ns )                    ; counter:Counter|count[15] ; counter:Counter|count[30] ; clk        ; clk      ; None                        ; None                      ; 2.732 ns                ;
; N/A                                     ; 331.67 MHz ( period = 3.015 ns )                    ; counter:Counter|count[7]  ; counter:Counter|count[22] ; clk        ; clk      ; None                        ; None                      ; 2.720 ns                ;
; N/A                                     ; 332.45 MHz ( period = 3.008 ns )                    ; counter:Counter|count[4]  ; counter:Counter|count[19] ; clk        ; clk      ; None                        ; None                      ; 2.713 ns                ;
; N/A                                     ; 332.45 MHz ( period = 3.008 ns )                    ; counter:Counter|count[11] ; counter:Counter|count[26] ; clk        ; clk      ; None                        ; None                      ; 2.713 ns                ;
; N/A                                     ; 332.45 MHz ( period = 3.008 ns )                    ; counter:Counter|count[13] ; counter:Counter|count[28] ; clk        ; clk      ; None                        ; None                      ; 2.713 ns                ;
; N/A                                     ; 332.45 MHz ( period = 3.008 ns )                    ; counter:Counter|count[14] ; counter:Counter|count[29] ; clk        ; clk      ; None                        ; None                      ; 2.713 ns                ;
; N/A                                     ; 332.56 MHz ( period = 3.007 ns )                    ; counter:Counter|count[2]  ; counter:Counter|count[17] ; clk        ; clk      ; None                        ; None                      ; 2.712 ns                ;
; N/A                                     ; 332.56 MHz ( period = 3.007 ns )                    ; counter:Counter|count[9]  ; counter:Counter|count[24] ; clk        ; clk      ; None                        ; None                      ; 2.712 ns                ;
; N/A                                     ; 332.67 MHz ( period = 3.006 ns )                    ; counter:Counter|count[1]  ; counter:Counter|count[16] ; clk        ; clk      ; None                        ; None                      ; 2.711 ns                ;
; N/A                                     ; 336.93 MHz ( period = 2.968 ns )                    ; counter:Counter|count[6]  ; counter:Counter|count[20] ; clk        ; clk      ; None                        ; None                      ; 2.673 ns                ;
; N/A                                     ; 336.93 MHz ( period = 2.968 ns )                    ; counter:Counter|count[5]  ; counter:Counter|count[19] ; clk        ; clk      ; None                        ; None                      ; 2.673 ns                ;
; N/A                                     ; 336.93 MHz ( period = 2.968 ns )                    ; counter:Counter|count[3]  ; counter:Counter|count[17] ; clk        ; clk      ; None                        ; None                      ; 2.673 ns                ;
; N/A                                     ; 336.93 MHz ( period = 2.968 ns )                    ; counter:Counter|count[10] ; counter:Counter|count[24] ; clk        ; clk      ; None                        ; None                      ; 2.673 ns                ;
; N/A                                     ; 336.93 MHz ( period = 2.968 ns )                    ; counter:Counter|count[12] ; counter:Counter|count[26] ; clk        ; clk      ; None                        ; None                      ; 2.673 ns                ;
; N/A                                     ; 338.64 MHz ( period = 2.953 ns )                    ; counter:Counter|count[8]  ; counter:Counter|count[23] ; clk        ; clk      ; None                        ; None                      ; 2.658 ns                ;
; N/A                                     ; 339.33 MHz ( period = 2.947 ns )                    ; counter:Counter|count[15] ; counter:Counter|count[29] ; clk        ; clk      ; None                        ; None                      ; 2.652 ns                ;
; N/A                                     ; 340.72 MHz ( period = 2.935 ns )                    ; counter:Counter|count[7]  ; counter:Counter|count[21] ; clk        ; clk      ; None                        ; None                      ; 2.640 ns                ;
; N/A                                     ; 341.53 MHz ( period = 2.928 ns )                    ; counter:Counter|count[4]  ; counter:Counter|count[18] ; clk        ; clk      ; None                        ; None                      ; 2.633 ns                ;
; N/A                                     ; 341.53 MHz ( period = 2.928 ns )                    ; counter:Counter|count[11] ; counter:Counter|count[25] ; clk        ; clk      ; None                        ; None                      ; 2.633 ns                ;
; N/A                                     ; 341.53 MHz ( period = 2.928 ns )                    ; counter:Counter|count[13] ; counter:Counter|count[27] ; clk        ; clk      ; None                        ; None                      ; 2.633 ns                ;
; N/A                                     ; 341.53 MHz ( period = 2.928 ns )                    ; counter:Counter|count[14] ; counter:Counter|count[28] ; clk        ; clk      ; None                        ; None                      ; 2.633 ns                ;
; N/A                                     ; 341.65 MHz ( period = 2.927 ns )                    ; counter:Counter|count[2]  ; counter:Counter|count[16] ; clk        ; clk      ; None                        ; None                      ; 2.632 ns                ;
; N/A                                     ; 346.26 MHz ( period = 2.888 ns )                    ; counter:Counter|count[6]  ; counter:Counter|count[19] ; clk        ; clk      ; None                        ; None                      ; 2.593 ns                ;
; N/A                                     ; 346.26 MHz ( period = 2.888 ns )                    ; counter:Counter|count[5]  ; counter:Counter|count[18] ; clk        ; clk      ; None                        ; None                      ; 2.593 ns                ;
; N/A                                     ; 346.26 MHz ( period = 2.888 ns )                    ; counter:Counter|count[3]  ; counter:Counter|count[16] ; clk        ; clk      ; None                        ; None                      ; 2.593 ns                ;
; N/A                                     ; 346.26 MHz ( period = 2.888 ns )                    ; counter:Counter|count[12] ; counter:Counter|count[25] ; clk        ; clk      ; None                        ; None                      ; 2.593 ns                ;
; N/A                                     ; 348.07 MHz ( period = 2.873 ns )                    ; counter:Counter|count[8]  ; counter:Counter|count[22] ; clk        ; clk      ; None                        ; None                      ; 2.578 ns                ;
; N/A                                     ; 348.80 MHz ( period = 2.867 ns )                    ; counter:Counter|count[15] ; counter:Counter|count[28] ; clk        ; clk      ; None                        ; None                      ; 2.572 ns                ;
; N/A                                     ; 349.41 MHz ( period = 2.862 ns )                    ; counter:Counter|count[0]  ; counter:Counter|count[15] ; clk        ; clk      ; None                        ; None                      ; 2.623 ns                ;
; N/A                                     ; 349.41 MHz ( period = 2.862 ns )                    ; counter:Counter|count[16] ; counter:Counter|count[31] ; clk        ; clk      ; None                        ; None                      ; 2.623 ns                ;
; N/A                                     ; 350.26 MHz ( period = 2.855 ns )                    ; counter:Counter|count[7]  ; counter:Counter|count[20] ; clk        ; clk      ; None                        ; None                      ; 2.560 ns                ;
; N/A                                     ; 351.12 MHz ( period = 2.848 ns )                    ; counter:Counter|count[4]  ; counter:Counter|count[17] ; clk        ; clk      ; None                        ; None                      ; 2.553 ns                ;
; N/A                                     ; 351.12 MHz ( period = 2.848 ns )                    ; counter:Counter|count[11] ; counter:Counter|count[24] ; clk        ; clk      ; None                        ; None                      ; 2.553 ns                ;
; N/A                                     ; 351.12 MHz ( period = 2.848 ns )                    ; counter:Counter|count[13] ; counter:Counter|count[26] ; clk        ; clk      ; None                        ; None                      ; 2.553 ns                ;
; N/A                                     ; 351.12 MHz ( period = 2.848 ns )                    ; counter:Counter|count[14] ; counter:Counter|count[27] ; clk        ; clk      ; None                        ; None                      ; 2.553 ns                ;
; N/A                                     ; 352.98 MHz ( period = 2.833 ns )                    ; counter:Counter|count[9]  ; counter:Counter|count[23] ; clk        ; clk      ; None                        ; None                      ; 2.538 ns                ;
; N/A                                     ; 356.13 MHz ( period = 2.808 ns )                    ; counter:Counter|count[6]  ; counter:Counter|count[18] ; clk        ; clk      ; None                        ; None                      ; 2.513 ns                ;
; N/A                                     ; 356.13 MHz ( period = 2.808 ns )                    ; counter:Counter|count[5]  ; counter:Counter|count[17] ; clk        ; clk      ; None                        ; None                      ; 2.513 ns                ;
; N/A                                     ; 356.13 MHz ( period = 2.808 ns )                    ; counter:Counter|count[12] ; counter:Counter|count[24] ; clk        ; clk      ; None                        ; None                      ; 2.513 ns                ;
; N/A                                     ; 357.91 MHz ( period = 2.794 ns )                    ; counter:Counter|count[10] ; counter:Counter|count[23] ; clk        ; clk      ; None                        ; None                      ; 2.499 ns                ;
; N/A                                     ; 358.04 MHz ( period = 2.793 ns )                    ; counter:Counter|count[8]  ; counter:Counter|count[21] ; clk        ; clk      ; None                        ; None                      ; 2.498 ns                ;
; N/A                                     ; 358.55 MHz ( period = 2.789 ns )                    ; counter:Counter|count[1]  ; counter:Counter|count[15] ; clk        ; clk      ; None                        ; None                      ; 2.550 ns                ;
; N/A                                     ; 358.55 MHz ( period = 2.789 ns )                    ; counter:Counter|count[17] ; counter:Counter|count[31] ; clk        ; clk      ; None                        ; None                      ; 2.550 ns                ;
; N/A                                     ; 358.81 MHz ( period = 2.787 ns )                    ; counter:Counter|count[15] ; counter:Counter|count[27] ; clk        ; clk      ; None                        ; None                      ; 2.492 ns                ;
; N/A                                     ; 359.45 MHz ( period = 2.782 ns )                    ; counter:Counter|count[0]  ; counter:Counter|count[14] ; clk        ; clk      ; None                        ; None                      ; 2.543 ns                ;
; N/A                                     ; 359.45 MHz ( period = 2.782 ns )                    ; counter:Counter|count[16] ; counter:Counter|count[30] ; clk        ; clk      ; None                        ; None                      ; 2.543 ns                ;
; N/A                                     ; 360.36 MHz ( period = 2.775 ns )                    ; counter:Counter|count[7]  ; counter:Counter|count[19] ; clk        ; clk      ; None                        ; None                      ; 2.480 ns                ;
; N/A                                     ; 361.27 MHz ( period = 2.768 ns )                    ; counter:Counter|count[4]  ; counter:Counter|count[16] ; clk        ; clk      ; None                        ; None                      ; 2.473 ns                ;
; N/A                                     ; 361.27 MHz ( period = 2.768 ns )                    ; counter:Counter|count[13] ; counter:Counter|count[25] ; clk        ; clk      ; None                        ; None                      ; 2.473 ns                ;
; N/A                                     ; 361.27 MHz ( period = 2.768 ns )                    ; counter:Counter|count[14] ; counter:Counter|count[26] ; clk        ; clk      ; None                        ; None                      ; 2.473 ns                ;
; N/A                                     ; 363.24 MHz ( period = 2.753 ns )                    ; counter:Counter|count[9]  ; counter:Counter|count[22] ; clk        ; clk      ; None                        ; None                      ; 2.458 ns                ;
; N/A                                     ; 366.57 MHz ( period = 2.728 ns )                    ; counter:Counter|count[6]  ; counter:Counter|count[17] ; clk        ; clk      ; None                        ; None                      ; 2.433 ns                ;
; N/A                                     ; 366.57 MHz ( period = 2.728 ns )                    ; counter:Counter|count[5]  ; counter:Counter|count[16] ; clk        ; clk      ; None                        ; None                      ; 2.433 ns                ;
; N/A                                     ; 368.46 MHz ( period = 2.714 ns )                    ; counter:Counter|count[10] ; counter:Counter|count[22] ; clk        ; clk      ; None                        ; None                      ; 2.419 ns                ;
; N/A                                     ; 368.60 MHz ( period = 2.713 ns )                    ; counter:Counter|count[8]  ; counter:Counter|count[20] ; clk        ; clk      ; None                        ; None                      ; 2.418 ns                ;
; N/A                                     ; 369.00 MHz ( period = 2.710 ns )                    ; counter:Counter|count[2]  ; counter:Counter|count[15] ; clk        ; clk      ; None                        ; None                      ; 2.471 ns                ;
; N/A                                     ; 369.00 MHz ( period = 2.710 ns )                    ; counter:Counter|count[18] ; counter:Counter|count[31] ; clk        ; clk      ; None                        ; None                      ; 2.471 ns                ;
; N/A                                     ; 369.14 MHz ( period = 2.709 ns )                    ; counter:Counter|count[1]  ; counter:Counter|count[14] ; clk        ; clk      ; None                        ; None                      ; 2.470 ns                ;
; N/A                                     ; 369.14 MHz ( period = 2.709 ns )                    ; counter:Counter|count[17] ; counter:Counter|count[30] ; clk        ; clk      ; None                        ; None                      ; 2.470 ns                ;
; Timing analysis restricted to 200 rows. ; To change the limit use Settings (Assignments menu) ;                           ;                           ;            ;          ;                             ;                           ;                         ;
+-----------------------------------------+-----------------------------------------------------+---------------------------+---------------------------+------------+----------+-----------------------------+---------------------------+-------------------------+


+---------------------------------------------------------------------------------------+
; tsu                                                                                   ;
+-------+--------------+------------+---------+------------------------------+----------+
; Slack ; Required tsu ; Actual tsu ; From    ; To                           ; To Clock ;
+-------+--------------+------------+---------+------------------------------+----------+
; N/A   ; None         ; 4.412 ns   ; sensor1 ; FSM:SM|current_state.START   ; clk      ;
; N/A   ; None         ; 4.412 ns   ; sensor1 ; FSM:SM|current_state.IDLE    ; clk      ;
; N/A   ; None         ; 4.412 ns   ; sensor1 ; FSM:SM|current_state.DISPLAY ; clk      ;
; N/A   ; None         ; 4.056 ns   ; sensor2 ; FSM:SM|current_state.STOP    ; clk      ;
; N/A   ; None         ; 4.054 ns   ; sensor2 ; FSM:SM|current_state.DISPLAY ; clk      ;
; N/A   ; None         ; 4.053 ns   ; sensor2 ; FSM:SM|current_state.START   ; clk      ;
; N/A   ; None         ; 4.053 ns   ; sensor2 ; FSM:SM|current_state.IDLE    ; clk      ;
+-------+--------------+------------+---------+------------------------------+----------+


+-------------------------------------------------------------------------------------+
; tco                                                                                 ;
+-------+--------------+------------+------------------------------+-----+------------+
; Slack ; Required tco ; Actual tco ; From                         ; To  ; From Clock ;
+-------+--------------+------------+------------------------------+-----+------------+
; N/A   ; None         ; 10.624 ns  ; counter:Counter|count[7]     ; led ; clk        ;
; N/A   ; None         ; 10.515 ns  ; counter:Counter|count[9]     ; led ; clk        ;
; N/A   ; None         ; 10.388 ns  ; counter:Counter|count[6]     ; led ; clk        ;
; N/A   ; None         ; 10.363 ns  ; counter:Counter|count[14]    ; led ; clk        ;
; N/A   ; None         ; 10.335 ns  ; counter:Counter|count[19]    ; led ; clk        ;
; N/A   ; None         ; 10.301 ns  ; counter:Counter|count[12]    ; led ; clk        ;
; N/A   ; None         ; 10.203 ns  ; counter:Counter|count[13]    ; led ; clk        ;
; N/A   ; None         ; 10.166 ns  ; counter:Counter|count[18]    ; led ; clk        ;
; N/A   ; None         ; 10.026 ns  ; counter:Counter|count[20]    ; led ; clk        ;
; N/A   ; None         ; 9.993 ns   ; counter:Counter|count[10]    ; led ; clk        ;
; N/A   ; None         ; 9.938 ns   ; counter:Counter|count[8]     ; led ; clk        ;
; N/A   ; None         ; 9.912 ns   ; counter:Counter|count[15]    ; led ; clk        ;
; N/A   ; None         ; 9.871 ns   ; counter:Counter|count[31]    ; led ; clk        ;
; N/A   ; None         ; 9.820 ns   ; counter:Counter|count[1]     ; led ; clk        ;
; N/A   ; None         ; 9.667 ns   ; counter:Counter|count[28]    ; led ; clk        ;
; N/A   ; None         ; 9.651 ns   ; counter:Counter|count[11]    ; led ; clk        ;
; N/A   ; None         ; 9.642 ns   ; counter:Counter|count[27]    ; led ; clk        ;
; N/A   ; None         ; 9.612 ns   ; counter:Counter|count[2]     ; led ; clk        ;
; N/A   ; None         ; 9.563 ns   ; counter:Counter|count[22]    ; led ; clk        ;
; N/A   ; None         ; 9.389 ns   ; counter:Counter|count[23]    ; led ; clk        ;
; N/A   ; None         ; 9.321 ns   ; counter:Counter|count[0]     ; led ; clk        ;
; N/A   ; None         ; 9.302 ns   ; counter:Counter|count[30]    ; led ; clk        ;
; N/A   ; None         ; 9.297 ns   ; counter:Counter|count[16]    ; led ; clk        ;
; N/A   ; None         ; 9.244 ns   ; counter:Counter|count[29]    ; led ; clk        ;
; N/A   ; None         ; 9.234 ns   ; counter:Counter|count[24]    ; led ; clk        ;
; N/A   ; None         ; 9.223 ns   ; counter:Counter|count[17]    ; led ; clk        ;
; N/A   ; None         ; 9.222 ns   ; counter:Counter|count[3]     ; led ; clk        ;
; N/A   ; None         ; 9.182 ns   ; counter:Counter|count[25]    ; led ; clk        ;
; N/A   ; None         ; 9.093 ns   ; counter:Counter|count[26]    ; led ; clk        ;
; N/A   ; None         ; 9.091 ns   ; counter:Counter|count[21]    ; led ; clk        ;
; N/A   ; None         ; 8.712 ns   ; FSM:SM|current_state.DISPLAY ; led ; clk        ;
; N/A   ; None         ; 8.495 ns   ; counter:Counter|count[5]     ; led ; clk        ;
; N/A   ; None         ; 8.332 ns   ; counter:Counter|count[4]     ; led ; clk        ;
+-------+--------------+------------+------------------------------+-----+------------+


+---------------------------------------------------------------------------------------------+
; th                                                                                          ;
+---------------+-------------+-----------+---------+------------------------------+----------+
; Minimum Slack ; Required th ; Actual th ; From    ; To                           ; To Clock ;
+---------------+-------------+-----------+---------+------------------------------+----------+
; N/A           ; None        ; -3.805 ns ; sensor2 ; FSM:SM|current_state.START   ; clk      ;
; N/A           ; None        ; -3.805 ns ; sensor2 ; FSM:SM|current_state.IDLE    ; clk      ;
; N/A           ; None        ; -3.806 ns ; sensor2 ; FSM:SM|current_state.DISPLAY ; clk      ;
; N/A           ; None        ; -3.808 ns ; sensor2 ; FSM:SM|current_state.STOP    ; clk      ;
; N/A           ; None        ; -4.164 ns ; sensor1 ; FSM:SM|current_state.START   ; clk      ;
; N/A           ; None        ; -4.164 ns ; sensor1 ; FSM:SM|current_state.IDLE    ; clk      ;
; N/A           ; None        ; -4.164 ns ; sensor1 ; FSM:SM|current_state.DISPLAY ; clk      ;
+---------------+-------------+-----------+---------+------------------------------+----------+


+--------------------------+
; Timing Analyzer Messages ;
+--------------------------+
Info: *******************************************************************
Info: Running Quartus II Classic Timing Analyzer
    Info: Version 7.1 Build 156 04/30/2007 SJ Full Version
    Info: Processing started: Thu Nov 26 10:58:49 2015
Info: Command: quartus_tan --read_settings_files=off --write_settings_files=off lab7 -c lab7 --timing_analysis_only
Warning: Found pins functioning as undefined clocks and/or memory enables
    Info: Assuming node "clk" is an undefined clock
Info: Clock "clk" has Internal fmax of 228.68 MHz between source register "counter:Counter|count[0]" and destination register "counter:Counter|count[31]" (period= 4.373 ns)
    Info: + Longest register to register delay is 4.078 ns
        Info: 1: + IC(0.000 ns) + CELL(0.000 ns) = 0.000 ns; Loc. = LCFF_X49_Y10_N1; Fanout = 3; REG Node = 'counter:Counter|count[0]'
        Info: 2: + IC(0.360 ns) + CELL(0.495 ns) = 0.855 ns; Loc. = LCCOMB_X49_Y10_N0; Fanout = 2; COMB Node = 'counter:Counter|count[0]~1106'
        Info: 3: + IC(0.000 ns) + CELL(0.080 ns) = 0.935 ns; Loc. = LCCOMB_X49_Y10_N2; Fanout = 2; COMB Node = 'counter:Counter|count[1]~1107'
        Info: 4: + IC(0.000 ns) + CELL(0.080 ns) = 1.015 ns; Loc. = LCCOMB_X49_Y10_N4; Fanout = 2; COMB Node = 'counter:Counter|count[2]~1108'
        Info: 5: + IC(0.000 ns) + CELL(0.080 ns) = 1.095 ns; Loc. = LCCOMB_X49_Y10_N6; Fanout = 2; COMB Node = 'counter:Counter|count[3]~1109'
        Info: 6: + IC(0.000 ns) + CELL(0.080 ns) = 1.175 ns; Loc. = LCCOMB_X49_Y10_N8; Fanout = 2; COMB Node = 'counter:Counter|count[4]~1110'
        Info: 7: + IC(0.000 ns) + CELL(0.080 ns) = 1.255 ns; Loc. = LCCOMB_X49_Y10_N10; Fanout = 2; COMB Node = 'counter:Counter|count[5]~1111'
        Info: 8: + IC(0.000 ns) + CELL(0.080 ns) = 1.335 ns; Loc. = LCCOMB_X49_Y10_N12; Fanout = 2; COMB Node = 'counter:Counter|count[6]~1112'
        Info: 9: + IC(0.000 ns) + CELL(0.174 ns) = 1.509 ns; Loc. = LCCOMB_X49_Y10_N14; Fanout = 2; COMB Node = 'counter:Counter|count[7]~1113'
        Info: 10: + IC(0.000 ns) + CELL(0.080 ns) = 1.589 ns; Loc. = LCCOMB_X49_Y10_N16; Fanout = 2; COMB Node = 'counter:Counter|count[8]~1114'
        Info: 11: + IC(0.000 ns) + CELL(0.080 ns) = 1.669 ns; Loc. = LCCOMB_X49_Y10_N18; Fanout = 2; COMB Node = 'counter:Counter|count[9]~1115'
        Info: 12: + IC(0.000 ns) + CELL(0.080 ns) = 1.749 ns; Loc. = LCCOMB_X49_Y10_N20; Fanout = 2; COMB Node = 'counter:Counter|count[10]~1116'
        Info: 13: + IC(0.000 ns) + CELL(0.080 ns) = 1.829 ns; Loc. = LCCOMB_X49_Y10_N22; Fanout = 2; COMB Node = 'counter:Counter|count[11]~1117'
        Info: 14: + IC(0.000 ns) + CELL(0.080 ns) = 1.909 ns; Loc. = LCCOMB_X49_Y10_N24; Fanout = 2; COMB Node = 'counter:Counter|count[12]~1118'
        Info: 15: + IC(0.000 ns) + CELL(0.080 ns) = 1.989 ns; Loc. = LCCOMB_X49_Y10_N26; Fanout = 2; COMB Node = 'counter:Counter|count[13]~1119'
        Info: 16: + IC(0.000 ns) + CELL(0.080 ns) = 2.069 ns; Loc. = LCCOMB_X49_Y10_N28; Fanout = 2; COMB Node = 'counter:Counter|count[14]~1120'
        Info: 17: + IC(0.000 ns) + CELL(0.161 ns) = 2.230 ns; Loc. = LCCOMB_X49_Y10_N30; Fanout = 2; COMB Node = 'counter:Counter|count[15]~1121'
        Info: 18: + IC(0.000 ns) + CELL(0.080 ns) = 2.310 ns; Loc. = LCCOMB_X49_Y9_N0; Fanout = 2; COMB Node = 'counter:Counter|count[16]~1122'
        Info: 19: + IC(0.000 ns) + CELL(0.080 ns) = 2.390 ns; Loc. = LCCOMB_X49_Y9_N2; Fanout = 2; COMB Node = 'counter:Counter|count[17]~1123'
        Info: 20: + IC(0.000 ns) + CELL(0.080 ns) = 2.470 ns; Loc. = LCCOMB_X49_Y9_N4; Fanout = 2; COMB Node = 'counter:Counter|count[18]~1124'
        Info: 21: + IC(0.000 ns) + CELL(0.080 ns) = 2.550 ns; Loc. = LCCOMB_X49_Y9_N6; Fanout = 2; COMB Node = 'counter:Counter|count[19]~1125'
        Info: 22: + IC(0.000 ns) + CELL(0.080 ns) = 2.630 ns; Loc. = LCCOMB_X49_Y9_N8; Fanout = 2; COMB Node = 'counter:Counter|count[20]~1126'
        Info: 23: + IC(0.000 ns) + CELL(0.080 ns) = 2.710 ns; Loc. = LCCOMB_X49_Y9_N10; Fanout = 2; COMB Node = 'counter:Counter|count[21]~1127'
        Info: 24: + IC(0.000 ns) + CELL(0.080 ns) = 2.790 ns; Loc. = LCCOMB_X49_Y9_N12; Fanout = 2; COMB Node = 'counter:Counter|count[22]~1128'
        Info: 25: + IC(0.000 ns) + CELL(0.174 ns) = 2.964 ns; Loc. = LCCOMB_X49_Y9_N14; Fanout = 2; COMB Node = 'counter:Counter|count[23]~1129'
        Info: 26: + IC(0.000 ns) + CELL(0.080 ns) = 3.044 ns; Loc. = LCCOMB_X49_Y9_N16; Fanout = 2; COMB Node = 'counter:Counter|count[24]~1130'
        Info: 27: + IC(0.000 ns) + CELL(0.080 ns) = 3.124 ns; Loc. = LCCOMB_X49_Y9_N18; Fanout = 2; COMB Node = 'counter:Counter|count[25]~1131'
        Info: 28: + IC(0.000 ns) + CELL(0.080 ns) = 3.204 ns; Loc. = LCCOMB_X49_Y9_N20; Fanout = 2; COMB Node = 'counter:Counter|count[26]~1132'
        Info: 29: + IC(0.000 ns) + CELL(0.080 ns) = 3.284 ns; Loc. = LCCOMB_X49_Y9_N22; Fanout = 2; COMB Node = 'counter:Counter|count[27]~1133'
        Info: 30: + IC(0.000 ns) + CELL(0.080 ns) = 3.364 ns; Loc. = LCCOMB_X49_Y9_N24; Fanout = 2; COMB Node = 'counter:Counter|count[28]~1134'
        Info: 31: + IC(0.000 ns) + CELL(0.080 ns) = 3.444 ns; Loc. = LCCOMB_X49_Y9_N26; Fanout = 2; COMB Node = 'counter:Counter|count[29]~1135'
        Info: 32: + IC(0.000 ns) + CELL(0.080 ns) = 3.524 ns; Loc. = LCCOMB_X49_Y9_N28; Fanout = 1; COMB Node = 'counter:Counter|count[30]~1136'
        Info: 33: + IC(0.000 ns) + CELL(0.458 ns) = 3.982 ns; Loc. = LCCOMB_X49_Y9_N30; Fanout = 1; COMB Node = 'counter:Counter|count[31]~914'
        Info: 34: + IC(0.000 ns) + CELL(0.096 ns) = 4.078 ns; Loc. = LCFF_X49_Y9_N31; Fanout = 2; REG Node = 'counter:Counter|count[31]'
        Info: Total cell delay = 3.718 ns ( 91.17 % )
        Info: Total interconnect delay = 0.360 ns ( 8.83 % )
    Info: - Smallest clock skew is -0.056 ns
        Info: + Shortest clock path from clock "clk" to destination register is 2.536 ns
            Info: 1: + IC(0.000 ns) + CELL(0.874 ns) = 0.874 ns; Loc. = PIN_T21; Fanout = 36; CLK Node = 'clk'
            Info: 2: + IC(1.060 ns) + CELL(0.602 ns) = 2.536 ns; Loc. = LCFF_X49_Y9_N31; Fanout = 2; REG Node = 'counter:Counter|count[31]'
            Info: Total cell delay = 1.476 ns ( 58.20 % )
            Info: Total interconnect delay = 1.060 ns ( 41.80 % )
        Info: - Longest clock path from clock "clk" to source register is 2.592 ns
            Info: 1: + IC(0.000 ns) + CELL(0.874 ns) = 0.874 ns; Loc. = PIN_T21; Fanout = 36; CLK Node = 'clk'
            Info: 2: + IC(1.116 ns) + CELL(0.602 ns) = 2.592 ns; Loc. = LCFF_X49_Y10_N1; Fanout = 3; REG Node = 'counter:Counter|count[0]'
            Info: Total cell delay = 1.476 ns ( 56.94 % )
            Info: Total interconnect delay = 1.116 ns ( 43.06 % )
    Info: + Micro clock to output delay of source is 0.277 ns
    Info: + Micro setup delay of destination is -0.038 ns
Info: tsu for register "FSM:SM|current_state.START" (data pin = "sensor1", clock pin = "clk") is 4.412 ns
    Info: + Longest pin to register delay is 6.996 ns
        Info: 1: + IC(0.000 ns) + CELL(0.864 ns) = 0.864 ns; Loc. = PIN_R22; Fanout = 3; PIN Node = 'sensor1'
        Info: 2: + IC(5.491 ns) + CELL(0.545 ns) = 6.900 ns; Loc. = LCCOMB_X48_Y9_N14; Fanout = 1; COMB Node = 'FSM:SM|Selector2~19'
        Info: 3: + IC(0.000 ns) + CELL(0.096 ns) = 6.996 ns; Loc. = LCFF_X48_Y9_N15; Fanout = 34; REG Node = 'FSM:SM|current_state.START'
        Info: Total cell delay = 1.505 ns ( 21.51 % )
        Info: Total interconnect delay = 5.491 ns ( 78.49 % )
    Info: + Micro setup delay of destination is -0.038 ns
    Info: - Shortest clock path from clock "clk" to destination register is 2.546 ns
        Info: 1: + IC(0.000 ns) + CELL(0.874 ns) = 0.874 ns; Loc. = PIN_T21; Fanout = 36; CLK Node = 'clk'
        Info: 2: + IC(1.070 ns) + CELL(0.602 ns) = 2.546 ns; Loc. = LCFF_X48_Y9_N15; Fanout = 34; REG Node = 'FSM:SM|current_state.START'
        Info: Total cell delay = 1.476 ns ( 57.97 % )
        Info: Total interconnect delay = 1.070 ns ( 42.03 % )
Info: tco from clock "clk" to destination pin "led" through register "counter:Counter|count[7]" is 10.624 ns
    Info: + Longest clock path from clock "clk" to source register is 2.592 ns
        Info: 1: + IC(0.000 ns) + CELL(0.874 ns) = 0.874 ns; Loc. = PIN_T21; Fanout = 36; CLK Node = 'clk'
        Info: 2: + IC(1.116 ns) + CELL(0.602 ns) = 2.592 ns; Loc. = LCFF_X49_Y10_N15; Fanout = 4; REG Node = 'counter:Counter|count[7]'
        Info: Total cell delay = 1.476 ns ( 56.94 % )
        Info: Total interconnect delay = 1.116 ns ( 43.06 % )
    Info: + Micro clock to output delay of source is 0.277 ns
    Info: + Longest register to pin delay is 7.755 ns
        Info: 1: + IC(0.000 ns) + CELL(0.000 ns) = 0.000 ns; Loc. = LCFF_X49_Y10_N15; Fanout = 4; REG Node = 'counter:Counter|count[7]'
        Info: 2: + IC(1.252 ns) + CELL(0.516 ns) = 1.768 ns; Loc. = LCCOMB_X48_Y9_N8; Fanout = 1; COMB Node = 'sign:Sign|LessThan0~354'
        Info: 3: + IC(0.298 ns) + CELL(0.491 ns) = 2.557 ns; Loc. = LCCOMB_X48_Y9_N4; Fanout = 1; COMB Node = 'sign:Sign|LessThan0~355'
        Info: 4: + IC(0.297 ns) + CELL(0.491 ns) = 3.345 ns; Loc. = LCCOMB_X48_Y9_N6; Fanout = 1; COMB Node = 'sign:Sign|sign~319'
        Info: 5: + IC(0.296 ns) + CELL(0.178 ns) = 3.819 ns; Loc. = LCCOMB_X48_Y9_N28; Fanout = 1; COMB Node = 'sign:Sign|sign~320'
        Info: 6: + IC(1.126 ns) + CELL(2.810 ns) = 7.755 ns; Loc. = PIN_R17; Fanout = 0; PIN Node = 'led'
        Info: Total cell delay = 4.486 ns ( 57.85 % )
        Info: Total interconnect delay = 3.269 ns ( 42.15 % )
Info: th for register "FSM:SM|current_state.START" (data pin = "sensor2", clock pin = "clk") is -3.805 ns
    Info: + Longest clock path from clock "clk" to destination register is 2.546 ns
        Info: 1: + IC(0.000 ns) + CELL(0.874 ns) = 0.874 ns; Loc. = PIN_T21; Fanout = 36; CLK Node = 'clk'
        Info: 2: + IC(1.070 ns) + CELL(0.602 ns) = 2.546 ns; Loc. = LCFF_X48_Y9_N15; Fanout = 34; REG Node = 'FSM:SM|current_state.START'
        Info: Total cell delay = 1.476 ns ( 57.97 % )
        Info: Total interconnect delay = 1.070 ns ( 42.03 % )
    Info: + Micro hold delay of destination is 0.286 ns
    Info: - Shortest pin to register delay is 6.637 ns
        Info: 1: + IC(0.000 ns) + CELL(0.864 ns) = 0.864 ns; Loc. = PIN_R21; Fanout = 4; PIN Node = 'sensor2'
        Info: 2: + IC(5.500 ns) + CELL(0.177 ns) = 6.541 ns; Loc. = LCCOMB_X48_Y9_N14; Fanout = 1; COMB Node = 'FSM:SM|Selector2~19'
        Info: 3: + IC(0.000 ns) + CELL(0.096 ns) = 6.637 ns; Loc. = LCFF_X48_Y9_N15; Fanout = 34; REG Node = 'FSM:SM|current_state.START'
        Info: Total cell delay = 1.137 ns ( 17.13 % )
        Info: Total interconnect delay = 5.500 ns ( 82.87 % )
Info: Quartus II Classic Timing Analyzer was successful. 0 errors, 1 warning
    Info: Allocated 159 megabytes of memory during processing
    Info: Processing ended: Thu Nov 26 10:58:50 2015
    Info: Elapsed time: 00:00:01


